2026-04-26 15:25:18,294 INFO o.a.j.u.JMeterUtils: Setting Locale to en_EN
2026-04-26 15:25:18,324 INFO o.a.j.JMeter: Loading user properties from: D:\Jmeter\apache-jmeter-5.6.3\bin\user.properties
2026-04-26 15:25:18,326 INFO o.a.j.JMeter: Loading system properties from: D:\Jmeter\apache-jmeter-5.6.3\bin\system.properties
2026-04-26 15:25:18,338 INFO o.a.j.JMeter: Copyright (c) 1998-2024 The Apache Software Foundation
2026-04-26 15:25:18,339 INFO o.a.j.JMeter: Version 5.6.3
2026-04-26 15:25:18,339 INFO o.a.j.JMeter: java.version=21.0.4
2026-04-26 15:25:18,339 INFO o.a.j.JMeter: java.vm.name=Java HotSpot(TM) 64-Bit Server VM
2026-04-26 15:25:18,339 INFO o.a.j.JMeter: os.name=Windows 11
2026-04-26 15:25:18,339 INFO o.a.j.JMeter: os.arch=amd64
2026-04-26 15:25:18,339 INFO o.a.j.JMeter: os.version=10.0
2026-04-26 15:25:18,339 INFO o.a.j.JMeter: file.encoding=UTF-8
2026-04-26 15:25:18,339 INFO o.a.j.JMeter: java.awt.headless=true
2026-04-26 15:25:18,339 INFO o.a.j.JMeter: Max memory     =1073741824
2026-04-26 15:25:18,339 INFO o.a.j.JMeter: Available Processors =8
2026-04-26 15:25:18,353 INFO o.a.j.JMeter: Default Locale=English (EN)
2026-04-26 15:25:18,353 INFO o.a.j.JMeter: JMeter  Locale=English (EN)
2026-04-26 15:25:18,353 INFO o.a.j.JMeter: JMeterHome=D:\Jmeter\apache-jmeter-5.6.3
2026-04-26 15:25:18,353 INFO o.a.j.JMeter: user.dir  =D:\Adpro\Modul-7-Profiling
2026-04-26 15:25:18,353 INFO o.a.j.JMeter: PWD       =D:\Adpro\Modul-7-Profiling
2026-04-26 15:25:23,311 INFO o.a.j.JMeter: IP: 192.168.56.1 Name: DESKTOP-LSTSC86 FullName: DESKTOP-LSTSC86
2026-04-26 15:25:23,329 INFO o.a.j.s.FileServer: Default base='D:\Adpro\Modul-7-Profiling'
2026-04-26 15:25:23,330 INFO o.a.j.s.FileServer: Set new base='D:\Adpro\Modul-7-Profiling'
2026-04-26 15:25:23,594 INFO o.a.j.s.SaveService: Testplan (JMX) version: 2.2. Testlog (JTL) version: 2.2
2026-04-26 15:25:23,644 INFO o.a.j.s.SaveService: Using SaveService properties version 5.0
2026-04-26 15:25:23,644 INFO o.a.j.s.SaveService: Using SaveService properties file encoding UTF-8
2026-04-26 15:25:23,644 INFO o.a.j.s.SaveService: Loading file: test_plan_3.jmx
2026-04-26 15:25:23,711 INFO o.a.j.p.h.s.HTTPSamplerBase: Parser for text/html is org.apache.jmeter.protocol.http.parser.LagartoBasedHtmlParser
2026-04-26 15:25:23,711 INFO o.a.j.p.h.s.HTTPSamplerBase: Parser for application/xhtml+xml is org.apache.jmeter.protocol.http.parser.LagartoBasedHtmlParser
2026-04-26 15:25:23,711 INFO o.a.j.p.h.s.HTTPSamplerBase: Parser for application/xml is org.apache.jmeter.protocol.http.parser.LagartoBasedHtmlParser
2026-04-26 15:25:23,711 INFO o.a.j.p.h.s.HTTPSamplerBase: Parser for text/xml is org.apache.jmeter.protocol.http.parser.LagartoBasedHtmlParser
2026-04-26 15:25:23,711 INFO o.a.j.p.h.s.HTTPSamplerBase: Parser for text/vnd.wap.wml is org.apache.jmeter.protocol.http.parser.RegexpHTMLParser
2026-04-26 15:25:23,711 INFO o.a.j.p.h.s.HTTPSamplerBase: Parser for text/css is org.apache.jmeter.protocol.http.parser.CssParser
2026-04-26 15:25:23,744 INFO o.a.j.JMeter: Creating summariser <summary>
2026-04-26 15:25:23,768 INFO o.a.j.e.StandardJMeterEngine: Running the test!
2026-04-26 15:25:23,768 INFO o.a.j.s.SampleEvent: List of sample_variables: []
2026-04-26 15:25:23,768 INFO o.a.j.s.SampleEvent: List of sample_variables: []
2026-04-26 15:25:23,781 INFO o.a.j.e.u.CompoundVariable: Note: Function class names must contain the string: '.functions.'
2026-04-26 15:25:23,781 INFO o.a.j.e.u.CompoundVariable: Note: Function class names must not contain the string: '.gui.'
2026-04-26 15:25:23,881 INFO o.a.j.JMeter: Running test (1777191923881)
2026-04-26 15:25:23,910 INFO o.a.j.e.StandardJMeterEngine: Starting ThreadGroup: 1 : Thread Group
2026-04-26 15:25:23,910 INFO o.a.j.e.StandardJMeterEngine: Starting 10 threads for group Thread Group.
2026-04-26 15:25:23,910 INFO o.a.j.e.StandardJMeterEngine: Thread will continue on error
2026-04-26 15:25:23,910 INFO o.a.j.t.ThreadGroup: Starting thread group... number=1 threads=10 ramp-up=1 delayedStart=false
2026-04-26 15:25:23,920 INFO o.a.j.t.ThreadGroup: Started thread group number 1
2026-04-26 15:25:23,920 INFO o.a.j.e.StandardJMeterEngine: All thread groups have been started
2026-04-26 15:25:23,923 INFO o.a.j.t.JMeterThread: Thread started: Thread Group 1-1
2026-04-26 15:25:23,943 INFO o.a.j.p.h.s.HTTPHCAbstractImpl: Local host = DESKTOP-LSTSC86
2026-04-26 15:25:23,950 INFO o.a.j.p.h.s.HTTPHC4Impl: HTTP request retry count = 0
2026-04-26 15:25:23,951 INFO o.a.j.s.SampleResult: Note: Sample TimeStamps are START times
2026-04-26 15:25:23,951 INFO o.a.j.s.SampleResult: sampleresult.default.encoding is set to UTF-8
2026-04-26 15:25:23,951 INFO o.a.j.s.SampleResult: sampleresult.useNanoTime=true
2026-04-26 15:25:23,951 INFO o.a.j.s.SampleResult: sampleresult.nanoThreadSleep=5000
2026-04-26 15:25:24,024 INFO o.a.j.t.JMeterThread: Thread started: Thread Group 1-2
2026-04-26 15:25:24,124 INFO o.a.j.t.JMeterThread: Thread started: Thread Group 1-3
2026-04-26 15:25:24,225 INFO o.a.j.t.JMeterThread: Thread started: Thread Group 1-4
2026-04-26 15:25:24,282 INFO o.a.j.t.JMeterThread: Thread is done: Thread Group 1-2
2026-04-26 15:25:24,282 INFO o.a.j.t.JMeterThread: Thread finished: Thread Group 1-2
2026-04-26 15:25:24,292 INFO o.a.j.t.JMeterThread: Thread is done: Thread Group 1-1
2026-04-26 15:25:24,292 INFO o.a.j.t.JMeterThread: Thread finished: Thread Group 1-1
2026-04-26 15:25:24,305 INFO o.a.j.t.JMeterThread: Thread is done: Thread Group 1-3
2026-04-26 15:25:24,305 INFO o.a.j.t.JMeterThread: Thread finished: Thread Group 1-3
2026-04-26 15:25:24,317 INFO o.a.j.t.JMeterThread: Thread started: Thread Group 1-5
2026-04-26 15:25:24,378 INFO o.a.j.t.JMeterThread: Thread is done: Thread Group 1-4
2026-04-26 15:25:24,379 INFO o.a.j.t.JMeterThread: Thread finished: Thread Group 1-4
2026-04-26 15:25:24,419 INFO o.a.j.t.JMeterThread: Thread started: Thread Group 1-6
2026-04-26 15:25:24,448 INFO o.a.j.t.JMeterThread: Thread is done: Thread Group 1-5
2026-04-26 15:25:24,449 INFO o.a.j.t.JMeterThread: Thread finished: Thread Group 1-5
2026-04-26 15:25:24,516 INFO o.a.j.t.JMeterThread: Thread started: Thread Group 1-7
2026-04-26 15:25:24,566 INFO o.a.j.t.JMeterThread: Thread is done: Thread Group 1-6
2026-04-26 15:25:24,566 INFO o.a.j.t.JMeterThread: Thread finished: Thread Group 1-6
2026-04-26 15:25:24,616 INFO o.a.j.t.JMeterThread: Thread started: Thread Group 1-8
2026-04-26 15:25:24,674 INFO o.a.j.t.JMeterThread: Thread is done: Thread Group 1-7
2026-04-26 15:25:24,674 INFO o.a.j.t.JMeterThread: Thread finished: Thread Group 1-7
2026-04-26 15:25:24,718 INFO o.a.j.t.JMeterThread: Thread started: Thread Group 1-9
2026-04-26 15:25:24,801 INFO o.a.j.t.JMeterThread: Thread is done: Thread Group 1-8
2026-04-26 15:25:24,802 INFO o.a.j.t.JMeterThread: Thread finished: Thread Group 1-8
2026-04-26 15:25:24,816 INFO o.a.j.t.JMeterThread: Thread started: Thread Group 1-10
2026-04-26 15:25:24,957 INFO o.a.j.t.JMeterThread: Thread is done: Thread Group 1-9
2026-04-26 15:25:24,958 INFO o.a.j.t.JMeterThread: Thread finished: Thread Group 1-9
2026-04-26 15:25:25,061 INFO o.a.j.t.JMeterThread: Thread is done: Thread Group 1-10
2026-04-26 15:25:25,061 INFO o.a.j.t.JMeterThread: Thread finished: Thread Group 1-10
2026-04-26 15:25:25,061 INFO o.a.j.e.StandardJMeterEngine: Notifying test listeners of end of test
2026-04-26 15:25:25,069 INFO o.a.j.r.Summariser: summary =     10 in 00:00:01 =    8.5/s Avg:   187 Min:   130 Max:   247 Err:     0 (0.00%)
